160
4 28 35 93 97
4 190 196 197 252
4 286 333 369 420
4 423 441 12 33
4 47 4 77 118
4 165 9 42 43
4 300 94 103 110
4 326 62 67 88
4 482 37 57 87
4 1 112 121 399
4 14 359 365 377
4 21 160 497 20
4 256 32 185 31
4 279 36 54 186
4 299 56 69 259
4 306 289 90 159
4 315 144 226 378
4 322 203 348 407
4 330 295 6 13
4 421 46 104 347
4 454 468 294 397
4 7 34 60 199
4 17 225 52 166
4 86 353 15 396
4 154 19 147 320
4 189 0 108 371
4 212 463 141 182
4 334 193 310 486
4 352 387 48 358
4 414 311 38 113
4 492 162 375 439
4 11 123 208 249
4 64 89 181 258
4 72 71 218 362
4 73 192 230 388
4 120 219 91 139
4 156 231 111 213
4 158 484 495 187
4 170 177 412 429
4 266 301 410 462
4 319 329 180 236
4 337 350 451 273
4 443 240 214 175
4 155 292 475 149
4 210 261 376 201
4 221 298 18 268
4 234 264 328 392
4 434 263 277 356
4 448 5 324 433
4 452 360 419 473
4 61 8 163 276
4 271 405 23 65
4 288 385 499 99
4 367 3 242 384
4 409 336 437 498
4 430 455 105 278
4 445 351 364 391
4 10 117 394 400
4 24 235 422 442
4 55 427 431 438
3 188 283 444
3 302 424 447
3 345 459 467
3 403 474 26
3 449 22 25
3 472 16 40
3 27 29 44
3 41 45 50
3 59 70 78
3 66 79 80
3 76 95 100
3 81 92 101
3 106 114 116
3 107 115 119
3 109 132 136
3 124 128 138
3 129 148 151
3 152 153 164
3 172 174 198
3 195 204 233
3 200 217 244
3 207 247 254
3 237 251 269
3 245 280 285
3 267 274 282
3 284 304 307
3 325 332 339
3 341 361 363
3 372 373 379
3 390 395 411
3 401 425 432
3 446 490 2
3 450 453 460
3 461 30 39
3 494 49 53
3 51 58 74
3 63 75 82
3 68 85 98
3 83 102 122
3 84 125 126
3 96 127 130
3 131 133 134
3 135 137 140
3 142 143 145
3 146 150 157
3 161 167 168
3 169 171 173
3 176 178 179
3 183 184 191
3 194 202 206
3 205 209 211
3 215 216 220
3 222 224 228
3 223 229 232
3 227 238 239
3 241 243 246
3 248 250 253
3 255 257 260
3 262 265 270
3 272 275 281
2 287 290
2 291 293
2 296 297
2 303 305
2 308 309
2 312 313
2 314 316
2 317 321
2 318 323
2 327 331
2 335 338
2 340 342
2 343 344
2 346 349
2 354 355
2 357 366
2 368 370
2 374 380
2 381 383
2 382 386
2 389 393
2 398 402
2 404 406
2 408 413
2 415 416
2 417 418
2 426 428
2 435 436
2 440 456
2 457 458
2 464 465
2 466 469
2 470 471
2 476 477
2 478 479
2 480 481
2 483 485
2 487 488
2 489 491
2 493 496
