1628
4 5357 5121 8148 6404
4 421 5913 2589 6255
4 5583 8785 3629 9906
4 6584 3987 7710 1737
4 7529 5231 4386 8197
4 2094 9487 6735 5796
4 1756 998 2584 8754
4 2395 2861 6312 59
4 6655 7923 8873 7569
4 7704 7444 9612 6632
4 5515 7262 8452 398
4 2489 5905 8407 7796
4 820 604 9004 6459
4 1729 7064 8603 1248
4 7549 9354 4848 5886
4 8733 8189 8437 4318
4 9529 4449 6839 9213
4 1524 5744 8479 4233
4 4574 6823 4100 9620
4 9483 5416 3626 3904
4 7108 1287 6476 9383
4 2545 5427 4004 370
4 3697 973 1396 4041
4 9131 847 4863 7792
4 2061 6668 9247 3135
4 3015 2155 4644 7168
4 4631 1492 9618 2843
4 2222 2687 2752 5363
4 5570 453 44 1561
4 2117 8775 7100 461
4 8284 1385 9765 8004
4 3505 4036 6640 3295
4 1423 5616 3273 8854
4 2932 8287 2096 8591
4 3715 674 5918 7936
4 2345 3420 6639 2935
4 9813 6762 666 4695
4 1556 5090 2331 6756
4 5251 2598 3825 5592
4 1677 9959 4147 5989
4 1081 5001 4106 8384
4 1114 6196 864 9818
4 8689 8119 5526 9888
4 1388 7525 8320 6613
4 683 8911 4473 3149
4 948 4194 2246 9128
4 3942 936 5052 2459
4 5083 7819 5211 7577
4 7369 8585 132 4670
4 2819 7515 8777 684
4 2968 7863 3484 8240
4 962 8814 7290 2723
4 876 7939 8837 8991
4 7368 110 2728 3176
4 752 2196 9256 5791
4 3457 8636 4808 8392
4 7208 7950 7101 2212
4 371 9614 9267 714
4 281 63 4090 8641
4 2499 3656 5651 6240
4 5602 7259 1101 3678
4 2475 1013 9019 9894
4 2064 4916 3024 839
4 7834 4405 1491 3765
4 2548 6170 1115 5048
4 7945 4961 4685 5945
4 7198 8152 1071 1233
4 1004 7937 2124 3795
4 9965 3272 9986 6677
4 3302 4579 3647 7104
4 5042 7201 4702 2008
4 384 7927 6495 854
4 2141 6782 9295 7135
4 1734 5101 443 5773
4 2070 1707 2115 7540
4 4430 4957 2558 7409
4 8058 336 2922 1214
4 1164 4788 2080 7202
4 5046 7961 7896 8639
4 4917 8063 1146 9568
4 5214 6381 1341 82
4 3499 7825 3463 4983
4 5653 976 4886 4964
4 49 6702 818 6176
4 1830 7313 4509 8612
4 9307 5295 3792 7595
4 6107 5713 7757 4874
4 3047 3096 3940 9305
4 5772 5982 2274 4135
4 3607 2727 3293 5310
4 2228 887 8608 3309
4 8338 3228 3896 1851
4 2964 1353 636 7305
4 6252 7516 1210 3566
4 4322 6550 9129 4406
4 7136 8322 4240 6168
4 8485 4925 5625 71
4 7543 1203 9866 8745
4 9433 9527 1671 7551
4 1988 1955 6935 4940
4 7145 1812 7 4185
4 9795 7326 4141 1322
4 8116 5383 4131 5006
4 3437 3114 4167 2456
4 47 7579 5219 4235
4 594 8465 9552 1713
4 1450 3142 8851 1742
4 2259 7359 1934 1094
4 4637 532 5873 9539
4 9 3686 766 9690
4 3042 7583 8803 4074
4 7231 4655 9525 3844
4 5652 5494 4561 2686
4 2962 3072 6129 9263
4 7715 8553 7083 2481
4 4657 6957 2736 1050
4 727 1895 2293 2982
4 723 4102 2759 8250
4 4847 4112 3196 2726
4 4475 62 3357 9532
4 7447 8387 7648 954
4 9235 9917 7196 3519
4 4374 7088 7308 1946
4 8736 9196 4076 3337
4 8332 859 2060 5777
4 213 6882 6547 7032
4 8375 9946 1591 2045
4 4320 8010 5163 9063
4 1418 3689 2342 1568
4 1724 5904 9106 4619
4 6611 2652 992 4402
4 7725 8767 3170 850
4 8193 5172 1433 2544
4 6178 2340 4490 9966
4 9119 3155 4638 8644
4 4912 4995 2642 6558
4 1621 9576 3542 7494
4 3672 4139 5686 2749
4 9747 2085 586 2828
4 3648 9344 6534 6913
4 3775 8601 120 3257
4 201 3781 8626 2862
4 3757 8478 7643 4550
4 5729 7851 6038 3593
4 7451 6567 8397 3889
4 6571 7464 5931 403
4 774 2628 2300 3112
4 7148 7814 4244 9542
4 8138 8186 5156 6537
4 7545 3475 676 1763
4 2323 7862 6927 8997
4 328 2870 6134 4150
4 9302 18 8233 4390
4 2795 8865 58 3376
4 4058 6467 8267 2213
4 2308 9713 4480 2036
4 9151 7079 8242 3869
4 9275 5081 8259 4044
4 4959 8187 9559 1383
4 2814 5366 8115 7673
4 7316 6171 1160 7166
4 9900 9320 446 8849
4 3451 8616 8506 5845
4 3708 2123 1711 2160
4 3840 9528 3842 2305
4 5609 6147 7703 778
4 7445 11 2267 2313
4 8079 9243 2243 1049
4 9873 245 7944 1552
4 1839 8094 1936 333
4 3526 5540 3583 5096
4 654 9514 9605 5359
4 1136 1509 3126 7726
4 4837 8509 6359 6300
4 8101 8167 4284 3913
4 8430 9374 5324 7385
4 2023 5854 6777 7008
4 6050 7267 9921 6123
4 2985 7953 8286 3950
4 5136 8036 6842 1767
4 687 7922 706 2535
4 2944 4902 7522 6580
4 4551 7466 9784 3618
4 373 65 3253 4498
4 2282 8367 9289 2920
4 3106 3745 6985 9722
4 5209 1845 2817 2203
4 1231 2718 7756 7026
4 3632 9856 2674 3899
4 6481 6060 1427 8721
4 9340 5600 6989 593
4 5665 177 463 8701
4 8348 4690 8026 7700
4 9283 9732 2941 3083
4 9942 2994 1996 2572
4 3002 8563 7212 8047
4 5622 780 6582 6638
4 1359 7920 9649 8834
4 4151 7050 4965 6329
4 5919 9111 9691 4516
4 8346 1096 1085 2619
4 8697 7209 1357 1817
4 3229 9778 103 4582
4 6313 8253 4951 9366
4 9252 717 522 1336
4 745 2364 2009 6363
4 1372 2802 9443 9779
4 2571 2112 2647 4137
4 3485 8839 1861 4352
4 5962 565 6316 5909
4 3356 251 6602 3443
4 709 8811 3368 2905
4 4351 5891 6426 8477
4 6477 67 9365 9154
4 9751 2351 6 645
4 6994 8614 8199 7330
4 7119 257 7981 8751
4 9123 1340 3089 1510
4 4259 7629 2536 4477
4 5793 3214 8947 4884
4 9124 1202 2095 214
4 171 7671 6415 4293
4 1976 3496 332 3379
4 5492 1787 5239 9325
4 9585 1701 9806 8200
4 1344 4357 6914 9546
4 2162 7489 1820 4557
4 4134 7911 9629 750
4 60 3308 5593 1001
4 3062 877 9363 5733
4 188 6666 5330 2957
4 4867 9968 8529 5518
4 5544 8003 5149 9974
4 8163 9930 5244 6956
4 8501 4222 1717 8779
4 8923 4727 7613 5236
4 8835 1740 8651 1975
4 9511 1351 296 321
4 7934 5332 1505 7439
4 4711 7391 1249 7677
4 5991 1800 6297 5970
4 6342 1883 2575 4977
4 7057 8658 9545 924
4 1564 3750 4696 4331
4 2776 3120 7153 1364
4 3730 9166 4415 9419
4 6188 7415 8990 5758
4 8040 7344 1522 8168
4 8431 7210 9426 2245
4 1965 5529 1747 4572
4 9962 7647 4717 5028
4 791 3473 5131 5488
4 8915 9341 6616 3579
4 2509 2043 5683 8579
4 4161 9550 9271 5720
4 5808 7699 1743 2573
4 8449 7972 1714 902
4 5835 8056 3087 6738
4 96 6419 6627 631
4 767 1061 2265 7824
4 3655 797 1523 5155
4 5074 8418 9397 3830
4 5728 8548 6042 1200
4 55 3845 8607 6273
4 301 3834 6144 8866
4 1673 7250 7524 6309
4 9569 8470 773 4600
4 264 1508 5553 8625
4 2952 3223 197 2089
4 385 3306 9797 1889
4 1178 1636 2055 3137
4 4870 4960 9566 9853
4 6742 9626 6377 3167
4 2809 6410 407 6226
4 8487 6336 8702 9048
4 9572 1810 1998 6384
4 3978 9250 4043 4079
4 4367 3271 4524 3557
4 8132 1476 5864 3905
4 8659 3870 6192 7436
4 5375 1948 2612 7155
4 7567 8183 4649 9689
4 7748 3673 1912 9952
4 730 6747 6058 5308
4 5610 2486 875 278
4 1228 6769 2912 7253
4 3791 8671 8940 2353
4 9718 3857 4200 3944
4 4861 283 1429 6198
4 3001 5476 6028 9843
4 8707 9265 9746 7443
4 3 8297 8677 1483
4 9871 6662 9078 432
4 85 3367 1853 4706
4 5170 8172 7880 1140
4 6010 7412 3997 6320
4 7302 4532 6578 263
4 2000 9755 3728 3028
4 8204 8453 4607 8683
4 9507 7118 1720 2927
4 836 1040 4469 915
4 884 3278 4179 1587
4 4527 3022 7095 8442
4 5203 6483 9695 6146
4 5207 3518 7617 8964
4 6012 7103 513 6981
4 995 464 1378 7319
4 3885 6110 2585 1253
4 5803 7978 8670 5174
4 5849 1037 6757 7618
4 7696 1821 3248 1681
4 634 6498 2877 8722
4 1224 8929 4883 3508
4 4474 8750 9908 9464
4 4565 4617 7296 3736
4 6370 1708 3561 3877
4 7603 3375 9359 1073
4 3037 7759 5197 559
4 4307 1684 4871 9599
4 6444 1484 4439 8524
4 7861 1526 8895 1152
4 8932 2627 1117 1542
4 1923 4786 3511 1116
4 2939 3362 5785 2488
4 8692 3892 7678 4521
4 137 1571 5902 7870
4 1154 5462 2937 7536
4 4038 6367 8328 4975
4 520 5278 8874 4361
4 4292 6296 4668 17
4 8956 3055 2592 6231
4 9880 3853 8466 7463
4 2798 916 7823 56
4 5823 7041 9769 8637
4 9197 3107 9425 1712
4 1261 3544 6656 6605
4 1833 970 5705 5839
4 5341 7255 5941 9907
4 5547 172 846 7130
4 7178 6389 2600 4946
4 9849 6965 9961 9014
4 174 2185 7215 9984
4 1361 5441 5250 760
4 2566 3769 10 1726
4 6220 7238 5998 297
4 6577 9350 5503 6938
4 8527 2368 6715 5548
4 5378 5151 3050 6266
4 529 1234 9092 8516
4 145 3746 3969 5325
4 4604 1122 688 738
4 7363 7740 525 2716
4 451 8714 4731 5563
4 844 4663 7778 9168
4 1430 1197 6856 8363
4 1570 5649 8239 6205
4 1765 208 1601 6583
4 2106 9121 912 5446
4 3516 9741 926 3104
4 8931 1487 6526 923
4 3134 6752 2165 5118
4 5271 1827 6540 9182
4 556 139 4093 6133
4 2766 3540 7218 7624
4 5579 9597 8161 8081
4 6364 1648 6396 7558
4 9895 7149 7839 8044
4 164 2221 4990 5007
4 1963 2649 6052 9246
4 2407 2295 6149 5013
4 9161 2804 5627 9594
4 117 4627 5899 4230
4 2007 8673 6451 9390
4 3258 1589 5017 9214
4 4491 9450 4126 8833
4 7518 3674 3691 2484
4 5948 628 7152 5056
4 8059 642 8824 6680
4 211 7499 5574 2309
4 8650 87 2879 8293
4 480 7983 6102 6721
4 5875 9135 2848 7204
4 7346 8247 9719 7692
4 8198 2836 9490 656
4 1010 2127 8617 1847
4 2555 2811 5879 6731
4 1015 6036 8305 2590
4 1825 7151 9588 4859
4 3029 3932 1620 2872
4 3276 7318 1876 6623
4 2125 6215 3480 597
4 3608 8653 206 178
4 3828 5513 3973 7278
4 6157 1866 8609 9471
4 6645 7752 4170 6703
4 289 3239 4650 8606
4 900 1943 1735 2516
4 4555 9580 2226 931
4 7954 3692 3677 9414
4 9776 4671 1311 8652
4 28 7375 9286 1056
4 5487 6193 6256 7888
4 1159 2697 9382 1464
4 1856 1393 5824 8258
4 2538 8578 3132 5061
4 9852 5815 6685 4792
4 590 6350 5981 8134
4 9499 9276 5058 8434
4 1632 6206 834 1205
4 1819 8537 6531 4933
4 3527 1260 2999 3808
4 3891 5559 4522 6443
4 4573 1994 4054 1129
4 3092 1874 151 2732
4 4496 6741 1877 6152
4 6111 7764 9637 2428
4 124 3895 307 5094
4 6984 9407 142 53
4 8468 1718 7875 4055
4 6053 1562 3573 7105
4 7475 8342 9238 1642
4 8684 4725 9748 7610
4 236 4611 589 8967
4 290 7542 9241 4997
4 1888 2190 2705 2091
4 6228 1884 4857 9675
4 7734 9326 7512 9799
4 3980 4636 5371 9165
4 4814 7777 4661 8035
4 6306 7361 7993 9761
4 7413 6676 5418 253
4 1704 7884 4865 5710
4 4442 5644 4774 9864
4 9714 4989 9376 4381
4 9730 2490 3297 4091
4 4592 6932 7219 8907
4 4692 6628 9602 3558
4 6651 6849 8032 1282
4 9530 7286 3912 2020
4 540 2241 1445 2765
4 4703 7659 6733 2565
4 4875 1440 9896 4363
4 6155 4066 4716 6557
4 7406 1837 5044 5235
4 362 735 7090 2887
4 648 4926 7662 2254
4 2854 6365 7003 4506
4 3924 3839 8123 9523
4 5517 5035 2400 7526
4 5794 4187 7594 3802
4 3654 3945 5671 5916
4 6326 4904 8176 3498
4 6827 4771 7841 2806
4 9976 898 4064 6380
4 1023 9650 5474 4089
4 1595 5020 9016 6976
4 2461 3553 7074 1339
4 3531 2081 4410 7382
4 4656 6366 6794 8423
4 534 5530 1598 8241
4 3567 6289 358 1406
4 7733 2006 2457 7374
4 9922 4412 7432 8333
4 1467 7356 960 8597
4 3422 9453 1332 1533
4 4559 5389 6361 3760
4 4773 147 6076 6988
4 6673 7037 3906 6436
4 1723 2320 404 1471
4 5205 7683 9368 5898
4 5355 1422 8019 6490
4 9220 210 5336 9848
4 2375 2783 33 2907
4 4879 7914 8861 2389
4 6800 8432 9468 622
4 9456 9988 146 6778
4 489 3323 5489 8376
4 689 4720 7943 1609
4 1584 4478 5178 5457
4 4495 6857 4639 9561
4 909 5551 3718 6514
4 4375 9879 5086 7249
4 7821 8889 4011 7785
4 8715 3145 7768 8938
4 2381 1021 6784 2401
4 2462 4766 3244 3582
4 3704 5633 7310 6528
4 7419 737 5856 9192
4 7426 2874 9726 7534
4 7818 8898 4452 9043
4 8153 7230 3882 5869
4 8648 3914 8043 8894
4 2398 9703 396 5085
4 3617 8150 9684 3559
4 7530 6340 7175 8845
4 9361 1930 6016 6870
4 1529 8823 835 5865
4 2260 8954 5380 3299
4 3595 4026 9072 6202
4 7592 3983 4057 1922
4 150 4953 8679 9971
4 1512 3153 198 5467
4 2129 3352 5776 6208
4 5901 6585 7917 9631
4 8299 5461 1090 5832
4 39 7116 7013 3339
4 635 5255 5920 9122
4 1952 8746 8325 9143
4 3371 8425 7454 2191
4 3966 3749 804 6649
4 7990 9429 6834 1886
4 9222 4467 5522 7770
4 3985 6466 32 4823
4 4202 4907 9183 359
4 8712 5531 3129 4704
4 512 1507 3188 9062
4 947 9734 5724 7596
4 3075 9549 45 8519
4 5556 7010 7956 7966
4 8238 8682 9667 9802
4 9221 4640 7221 2134
4 711 1822 4124 5615
4 3136 6184 678 2924
4 3564 9606 2167 9173
4 6724 149 2277 6700
4 7480 4887 6421 9091
4 7689 5908 1100 3322
4 9828 170 5756 7809
4 1347 6574 313 3991
4 1761 2148 2343 3011
4 3428 9868 300 1256
4 3811 4016 7220 0
4 5896 2024 5566 7964
4 2707 6243 7970 6705
4 4208 6873 7186 8276
4 7731 3694 6203 8264
4 7876 5164 9573 4514
4 849 5047 2198 1382
4 3641 5451 5584 6264
4 4465 6160 611 6248
4 6446 8632 2467 3020
4 6811 3724 5939 6637
4 8196 6659 7984 8027
4 8263 9096 6942 8517
4 471 3121 1047 6726
4 2278 5954 6522 9987
4 8562 2672 1157 6596
4 9459 6015 9299 9891
4 1908 4335 1044 5240
4 2495 5277 2983 5657
4 4708 8908 5166 6681
4 4949 6553 9752 1181
4 6903 9978 7424 1174
4 8752 7975 8133 5947
4 1199 9583 4511 3681
4 4659 3818 7386 4340
4 9996 9633 7727 5860
4 1179 9328 1106 5449
4 1569 8711 8801 2337
4 2367 3412 6017 4992
4 2875 4215 6648 9068
4 5040 1593 5362 6719
4 7425 708 1411 5836
4 9210 3203 2062 9836
4 433 5173 8222 1668
4 541 3226 1840 4286
4 3127 562 4456 6246
4 5721 5763 6022 4419
4 6112 7509 9038 9721
4 7384 2506 3894 3517
4 4790 5536 7521 204
4 8143 8667 2702 3563
4 514 355 8864 1616
4 825 6478 8210 8160
4 1381 3031 2296 9486
4 5813 6351 1400 2025
4 7500 8828 6713 2601
4 4052 8863 8696 5872
4 4206 8413 4359 5157
4 5496 5730 465 6864
4 7555 968 8006 8876
4 8202 608 8810 9995
4 889 9920 2120 6492
4 1751 5198 6280 8139
4 1768 8336 7877 2954
3 3105 1012 4188
3 4958 1535 2329
3 70 4801 6263
3 1409 240 2159
3 2437 234 1843
3 3330 8031 3235
3 3596 6275 8454
3 4092 530 955
3 4742 8977 919
3 6051 4943 5368
3 7751 9935 3004
3 1321 4858 9198
3 2033 7633 1640
3 2578 4228 5606
3 3657 131 430
3 3809 5082 7729
3 3972 7397 8215
3 6960 8089 9600
3 8919 431 456
3 9269 5751 500
3 9418 9187 2949
3 270 3311 3926
3 1062 1750 2193
3 2746 4000 5208
3 6576 7614 3939
3 7924 9716 2661
3 9028 372 620
3 9519 9768 1744
3 97 6008 6097
3 978 9699 9767
3 1330 7995 2072
3 1939 439 1036
3 2604 1259 4301
3 2762 2977 9584
3 2786 6761 8401
3 4046 6698 5191
3 6964 1475 4942
3 8137 1980 3956
3 9201 673 6890
3 9332 2632 6003
3 9446 9538 885
3 136 4534 8447
3 4796 9431 2514
3 5986 9656 7457
3 6161 1796 2694
3 7170 2713 3590
3 7663 8180 9086
3 1519 3212 4798
3 2102 2772 1649
3 4221 9398 8435
3 5245 183 1961
3 5482 6565 8822
3 6824 8252 6844
3 6835 956 2595
3 7407 9413 9944
3 7991 1318 6137
3 24 3060 3344
3 2074 3280 8568
3 2399 4104 1279
3 3370 4502 4777
3 6352 6121 6197
3 8326 1694 5752
3 8383 37 4238
3 86 6450 6887
3 2207 2891 4839
3 3793 9083 1546
3 4387 4635 5666
3 5732 6463 457
3 6809 8859 9855
3 7674 2881 3822
3 7800 7895 8037
3 7881 9075 5994
3 1983 6972 7320
3 2297 1538 3364
3 2953 7357 8815
3 4783 6302 602
3 7461 7554 6959
3 7471 4358 4595
3 7586 3543 9009
3 9036 6963 8314
3 458 1755 7410
3 487 7812 8900
3 756 335 6471
3 4248 7724 5168
3 4400 2903 8093
3 5897 7362 2144
3 2149 9137 462
3 2210 3052 4399
3 2596 2608 7206
3 3141 4434 392
3 3951 7094 7387
3 4116 4596 8353
3 5024 6311 8766
3 6915 8930 9035
3 9047 2610 9094
3 221 2028 2741
3 801 3347 9215
3 1371 1536 9578
3 2785 4339 8486
3 2956 40 4069
3 3021 4504 6332
3 3875 6353 6506
3 9114 2892 7602
3 9564 3651 4994
3 9838 5066 6925
3 1161 2859 168
3 1678 5233 1688
3 2837 2412 3887
3 3789 6448 7850
3 5628 4982 6127
3 6818 7078 840
3 7889 2059 6175
3 9659 4877 5181
3 31 802 9709
3 725 6232 1009
3 1453 502 6328
3 2469 739 1426
3 4736 8663 8028
3 6148 1778 7959
3 9820 7557 7859
3 842 4291 402
3 2307 393 511
3 2683 5106 6229
3 2685 2101 3318
3 4097 6944 644
3 4688 5125 9993
3 7632 3012 5128
3 7694 8438 615
3 8543 325 4488
3 8737 9651 152
3 9394 9678 343
3 78 4549 9540
3 639 2169 6725
3 1220 1959 5817
3 3841 4689 6473
3 6699 8576 7395
3 7960 1043 1869
3 8022 8426 2950
3 9015 7971 8643
3 9223 5959 8804
3 9595 4567 7742
3 229 34 5190
3 613 4099 5422
3 4787 5631 9489
3 5558 9227 68
3 5719 848 5882
3 793 5676 7423
3 2388 726 3679
3 4031 4826 6746
3 6034 8256 8950
3 7803 1377 2472
3 953 1979 3123
3 1080 7631 9957
3 1165 1807 6315
3 2242 7314 640
3 3555 3903 305
3 3743 8097 20
3 4855 252 6005
3 4880 579 5850
3 6952 3515 6452
3 7532 413 5881
3 7697 13 1590
3 7994 4723 5443
3 8903 1167 1270
3 467 7430 153
3 1892 7132 9892
3 3698 4969 7581
3 5731 6225 2002
3 9887 76 2164
3 477 3509 4298
3 860 1502 2137
3 2215 2304 5951
3 2669 5212 740
3 3396 7176 8571
3 4047 6922 4267
3 4811 8629 57
3 6357 9274 9475
3 7666 8398 4173
3 346 6046 6291
3 2929 4750 6189
3 3621 6479 193
3 3665 4078 5950
3 4451 6563 7826
3 5863 649 2358
3 6095 293 1549
3 6674 1369 1953
3 7496 1586 2019
3 9280 2232 3581
3 395 2527 4245
3 414 3233 3246
3 2432 2898 4155
3 2629 5161 7951
3 4246 4279 4922
3 4554 4679 7036
3 5146 8212 1416
3 5829 9337 9524
3 7713 949 1276
3 7906 8206 9830
3 83 937 8821
3 2799 3449 4662
3 3146 7024 3482
3 3761 5346 8456
3 3902 5026 568
3 4249 554 2751
3 6104 1650 3161
3 6210 8986 868
3 6544 1084 1504
3 6740 2533 2824
3 7252 7804 3504
3 7565 1194 3838
3 9065 3261 9157
3 1286 4030 4311
3 2531 2634 9526
3 4314 5895 7194
3 4747 6244 16
3 9234 2529 2668
3 9313 3748 6270
3 23 5200 7653
3 444 4653 7813
3 1516 4537 4856
3 1793 8229 1118
3 3263 3773 8498
3 3431 7743 9105
3 3806 5714 9294
3 5387 8675 1032
3 6630 1514 1532
3 7197 1031 1250
3 7236 4398 4501
3 9543 6258 6664
3 982 1527 2047
3 2303 3174 4767
3 3332 5401 9458
3 3911 7963 8440
3 3930 6294 7018
3 4176 4328 7490
3 5672 8965 9635
3 8277 675 1201
3 9333 4841 5237
3 9488 9496 9692
3 9810 1296 4892
3 1452 1891 2442
3 1986 4001 4623
3 3316 4578 6245
3 4914 7150 9958
3 6612 2264 3880
3 6828 8201 1618
3 6920 8642 9680
3 7559 2671 3824
3 8355 2712 3125
3 8952 499 2422
3 9551 1027 3513
3 1606 2143 5175
3 4713 5834 6693
3 4935 5373 6744
3 5059 6430 6852
3 5199 5980 6510
3 6494 8727 9711
3 6569 3407 3747
3 6822 9085 3099
3 6962 8179 8654
3 8289 9251 9260
3 8729 4164 4898
3 225 459 4447
3 365 858 5641
3 4144 4775 7622
3 4605 9002 9858
3 5043 8067 8918
3 5769 30 2328
3 6093 8177 9149
3 7761 9022 3147
3 115 4407 5400
3 3570 7237 7418
3 4095 9655 1058
3 5097 7828 8981
3 6604 7957 1898
3 8235 3274 4562
3 8593 9272 7600
3 8808 8567 9611
3 8897 1806 2402
3 123 7849 8382
3 185 1951 6600
3 2335 9985 6727
3 3547 6130 94
3 6118 6846 576
3 9181 1669 1865
3 9624 1978 4558
3 1110 1132 2946
3 2235 2570 6323
3 3355 4156 5471
3 4482 6002 6126
3 5098 5831 6398
3 6590 7721 8978
3 6766 7048 9073
3 6851 7190 8756
3 8108 4197 6899
3 8472 4840 7085
3 1639 2046 2205
3 2220 2466 4325
3 2240 7247 7273
3 4546 6090 6472
3 4694 6993 7616
3 5077 5442 7127
3 6078 7315 7868
3 6669 8806 9927
3 7665 8340 8388
3 7899 473 1754
3 8393 2333 2591
3 8753 9771 1271
3 896 3587 3883
3 1288 2582 5019
3 1835 5505 5812
3 3078 4804 5041
3 3615 5944 7329
3 4489 6304 7693
3 6223 6711 7805
3 6524 7634 8129
3 8372 8572 8734
3 9338 9613 9859
3 9745 160 1266
3 516 1848 2105
3 899 2911 7460
3 1774 4564 143
3 2216 5323 6774
3 2294 22 1192
3 3506 3324 3884
3 8640 419 1849
3 101 1137 3265
3 1212 3878 5140
3 1313 2730 5189
3 2234 2549 3664
3 4172 5460 5613
3 5621 5800 6560
3 5702 6739 7275
3 6356 7815 9003
3 6671 6697 6990
3 8573 9603 9948
3 9013 2754 3281
3 9877 1086 2237
3 1653 2136 4308
3 2199 8996 417
3 3038 4312 4746
3 3439 6803 753
3 3933 7123 7491
3 5276 8021 906
3 7121 9134 3782
3 8994 558 2390
3 1699 3578 3849
3 2453 2781 3402
3 2793 5171 6064
3 3097 4217 5134
3 4255 5397 8773
3 5268 6581 7686
3 6063 9029 1127
3 7931 550 1461
3 9261 1488 2016
3 9679 381 1656
3 9744 2417 5426
3 796 1170 1480
3 2268 3873 4196
3 2289 4136 5523
3 2852 4918 5598
3 4394 4599 4818
3 5234 5903 6831
3 6023 6595 8411
3 6035 6414 9844
3 6636 9194 1783
3 7510 8716 9008
3 8084 159 219
3 9230 472 2406
3 828 2621 6520
3 1093 2444 2775
3 1172 1624 3817
3 2951 3888 4613
3 3131 3381 4630
3 3491 4678 7117
3 5246 5253 6096
3 6132 6261 7400
3 7233 7786 8759
3 8049 8166 9759
3 8316 8464 133
3 8789 8793 9901
3 217 1627 1814
3 279 1665 2334
3 845 893 2068
3 1404 2731 3442
3 1867 1985 3334
3 3262 3300 3965
3 3783 4094 4910
3 5736 6432 7903
3 5770 6227 6517
3 6373 7788 8539
3 6529 7309 7684
3 6953 1208 1781
3 8618 8987 2987
3 8633 610 1221
3 218 1801 1836
3 2065 2750 3312
3 2281 4088 4487
3 2554 3584 4193
3 2711 3401 4479
3 3721 4932 5577
3 3744 5391 7501
3 5313 5398 5586
3 5917 9535 3445
3 5966 6180 7925
3 5972 9534 669
3 7969 8165 990
3 9502 9575 4894
3 401 1899 3927
3 651 2722 5104
3 1184 3862 6417
3 1646 1904 5132
3 3539 5064 6586
3 5370 545 1716
3 6812 7898 2326
3 7110 7675 9660
3 7371 9200 2376
3 7388 89 1638
3 7980 2464 2947
3 8665 2184 3076
3 934 3085 3216
3 1292 3947 5599
3 3124 3929 4529
3 3411 4538 5594
3 4428 7289 8638
3 4544 7065 7695
3 4981 7672 8694
3 5481 9754 9846
3 7502 292 827
3 9770 9882 144
3 9941 163 771
3 249 1130 1935
3 757 3521 5345
3 977 1299 3017
3 1683 1928 4628
3 2087 2173 2560
3 3424 3807 6259
3 4669 5511 6405
3 6770 7043 7907
3 7664 7902 8525
3 8015 9156 9209
3 8268 8584 304
3 8842 207 1120
3 8934 930 1870
3 9356 2480 5122
3 894 1138 1469
3 2022 2050 2057
3 2463 2835 3580
3 2567 6068 6307
3 2990 3115 4163
3 4833 7096 7608
3 6409 6958 6973
3 6497 6805 7744
3 7177 8732 9140
3 9089 199 316
3 9670 1331 2011
3 157 241 691
3 288 4842 6331
3 618 1209 3941
3 3313 3610 4646
3 4149 5429 7223
3 4553 8273 8709
3 4882 5804 7014
3 7134 7274 7553
3 7962 287 643
3 8776 2179 2564
3 8853 9860 3353
3 9785 865 4337
3 356 3893 4392
3 728 3178 4948
3 2227 5192 5514
3 3186 3541 5725
3 6301 6541 6897
3 6425 7163 7216
3 7544 7640 7642
3 7878 8298 8886
3 8068 8409 9225
3 8502 9152 9491
3 9179 862 1277
3 108 616 1227
3 819 1574 1958
3 1652 2418 2805
3 1841 4468 4789
3 1971 3006 4714
3 2288 5329 5550
3 3753 4355 5060
3 4226 5182 5578
3 5206 5254 5663
3 5718 7229 8870
3 6213 7019 9100
3 6387 6904 9367
3 6513 7546 7795
3 7298 9406 733
3 8534 8645 867
3 9647 9710 9863
3 186 1495 2163
3 425 784 2239
3 1809 2563 2841
3 3425 3438 3536
3 3798 4143 5424
3 4508 4598 5612
3 4634 5658 5848
3 5534 6629 6796
3 5741 8941 9172
3 5825 6087 7087
3 5952 7948 8740
3 6814 9329 9617
3 8141 9232 9553
3 8310 348 769
3 9870 347 1563
3 9885 378 800
3 226 1479 1700
3 1376 2318 2344
3 1615 1661 2201
3 2435 2689 3209
3 2577 3712 3812
3 3208 5573 5771
3 4693 4791 5611
3 5510 7091 8564
3 5958 6484 9582
3 6620 9570 128
3 7349 9423 789
3 7556 9590 7365
3 9158 383 719
3 189 1099 2152
3 1403 4290 4403
3 1685 3917 4518
3 4726 6748 7434
3 4906 6125 6253
3 4986 7333 7799
3 7441 8321 8771
3 8103 9314 9555
3 8309 441 958
3 9346 9862 415
3 9876 349 633
3 1131 1196 1235
3 1494 1788 1949
3 1909 2451 2470
3 2012 4211 5183
2 2586 4939
2 3213 5294
2 4709 5409
2 5316 6701
2 6692 6917
2 7060 7140
2 7459 7541
2 7580 7758
2 7835 8493
2 7946 8086
2 8064 9954
2 8347 863
2 9205 703
2 9819 203
2 291 361
2 831 1188
2 1119 1180
2 1230 1284
2 1679 1799
2 1868 2878
2 1993 2382
2 2356 2550
2 3327 3784
2 3859 5343
2 3860 4996
2 3949 5148
2 5379 8686
2 6279 6456
2 6457 8080
2 8282 8960
2 8379 9737
2 9323 4
2 280 693
2 388 405
2 509 782
2 935 1335
2 1105 2384
2 1323 1611
2 1732 1818
2 2035 2483
2 2498 4621
2 3247 3821
2 5410 6843
2 5694 7507
2 5779 8406
2 7479 7669
2 7807 7965
2 8412 227
2 8726 9372
2 8875 1046
2 9999 200
2 258 1111
2 268 2324
2 922 1074
2 1133 2378
2 1135 2789
2 2579 3394
2 3787 4254
2 4330 4344
2 4632 4633
2 4664 4675
2 4734 4950
2 5051 5833
2 5699 6085
2 6233 7307
2 6407 8970
2 7251 318
2 7753 8784
2 8410 8985
2 8955 9102
2 9663 662
2 9807 376
2 811 983
2 1029 1553
2 1987 2086
2 2311 2373
2 2386 2405
2 2541 2942
2 3292 4107
2 3386 3639
2 3389 3922
2 4461 4979
2 5356 6500
2 5844 5977
2 6635 7791
2 6983 8523
2 7667 8461
2 8791 9636
2 9604 342
2 9701 9724
2 9742 173
2 491 741
2 794 2030
2 2410 2508
2 2676 2715
2 3199 3385
2 3827 4425
2 4371 7322
2 5005 5177
2 5327 6158
2 6371 6434
2 7092 7399
2 8164 8602
2 8374 8491
2 8731 9162
2 9148 9186
2 9533 9557
2 9632 621
2 9644 9717
2 409 872
2 1534 1918
2 1992 2883
2 2825 3008
2 3756 3819
2 3866 4220
2 4273 4369
2 4810 5413
2 5187 5266
2 5885 6242
2 6254 6420
2 6647 7627
2 7340 7820
2 7706 7992
2 8136 8872
2 8725 821
2 9342 9773
2 69 917
2 148 984
2 195 1206
2 1045 1329
2 1063 1415
2 1439 2934
2 1554 1705
2 1897 1969
2 2747 3225
2 3267 3799
2 3794 3935
2 4323 4978
2 4435 4651
2 5073 5210
2 5399 5643
2 5957 6678
2 7069 8857
2 7228 7636
2 7712 7832
2 9282 312
2 9609 435
2 9977 483
2 437 605
2 508 652
2 901 1610
2 1731 2172
2 2166 2427
2 2503 3058
2 2803 2873
2 2884 3144
2 3227 3466
2 3474 4237
2 3620 4260
2 4032 4103
2 4214 4356
2 4535 5045
2 4807 5167
2 5265 5361
2 5470 7165
2 5840 5853
2 5883 6234
2 5979 6480
2 6174 6499
2 7033 7243
2 7093 7393
2 7264 7938
2 7276 7736
2 7408 8613
2 7547 9963
2 8728 8879
2 8758 194
2 9159 9327
2 9362 1654
2 179 2330
2 987 2425
2 1305 2996
2 2500 3636
2 4224 5350
2 4372 4758
2 4822 4860
2 5340 5745
2 5508 6077
2 6654 6841
2 6675 6901
2 7097 7172
2 7416 7588
2 7793 8142
2 7915 8395
2 8507 8535
2 8570 8778
2 8770 9070
2 8780 9011
2 9775 9787
2 9822 111
2 118 184
2 192 209
2 303 1142
2 596 2170
2 2206 3476
2 2556 3082
2 2769 3530
2 3879 4891
2 3984 4732
2 4577 6853
2 4890 4972
2 6187 7059
2 7427 7789
2 7639 8144
2 8117 8311
2 8786 9749
2 8877 9380
2 9415 729
2 478 482
2 1614 1728
2 1831 2520
2 3044 3189
2 3777 4175
2 4285 4376
2 5067 7086
2 5107 5557
2 5279 6128
2 6141 7098
2 7561 7856
2 7578 7883
2 7942 8038
2 8114 8961
2 8224 8405
2 8361 8417
2 8975 9264
2 9218 9571
2 9421 9931
2 121 274
2 230 908
2 1485 1695
2 1517 2512
2 1972 2771
2 2485 2808
2 2812 4523
2 2974 3716
2 3493 3717
2 3727 4952
2 4724 5747
2 5696 6614
2 5906 5993
2 5983 6902
2 6156 6308
2 6411 7075
2 7590 7741
2 8061 8244
2 8135 9556
2 8272 9436
2 156 1350
2 781 1496
2 1625 3685
2 2039 2098
2 4232 4470
2 4699 4899
2 5483 6177
2 5504 6682
2 6559 7077
2 6720 6833
2 6937 7045
2 7187 7483
2 7606 7847
2 8002 8462
2 8009 256
2 8075 8530
2 9031 9793
2 61 311
2 424 507
2 574 833
2 1177 1226
2 1283 1937
2 1749 2110
2 2271 2272
2 2532 2602
2 2827 3635
2 4063 4098
2 4333 4845
2 5213 5304
2 5533 5727
2 5617 5870
2 6265 6429
2 6428 6545
2 6607 7730
2 7017 7864
2 8011 8045
2 8110 8561
2 8220 8542
2 8500 9736
2 8698 8797
2 8880 81
2 9126 428
2 682 866
2 795 1006
2 1171 1326
2 1501 1513
2 1634 1753
2 1696 1917
2 1804 1984
2 2231 2298
2 2447 3023
2 2657 4297
2 3053 3059
2 3108 3690
2 3307 4427
2 4440 5158
2 4588 4876
2 4913 5023
2 4966 4980
2 5260 5262
2 5377 5382
2 5783 5938
2 6026 7248
2 6971 7404
2 7068 8494
2 7337 7533
2 7550 8556
2 8159 8635
2 8868 9301
2 9357 9686
2 9457 406
2 9498 803
2 538 1166
2 903 1622
2 959 1703
2 1789 2252
2 3268 3993
2 3469 5480
2 4262 4305
2 5008 5754
2 5907 6551
2 6075 6293
2 6539 6998
2 7022 7138
2 7030 7292
2 7139 7367
2 7682 7711
2 7830 7833
2 7929 8190
2 8441 8473
2 8850 8924
2 9007 9296
2 9521 9910
2 9932 182
2 1275 1762
2 1307 2583
2 1932 2357
2 2310 2393
2 2673 3266
2 2900 3361
2 3205 4591
2 3534 3846
2 4770 5472
2 5585 5910
2 5632 6021
2 6098 6237
2 6257 8555
2 6412 6617
2 7067 7584
2 7453 7514
2 8592 8968
2 9823 658
2 603 668
2 1149 1191
2 1824 2138
2 2645 3286
2 3154 3416
2 3705 4060
2 3854 3963
2 4019 4048
2 4283 4453
2 4793 4893
2 4830 4923
2 4843 5693
2 4851 5010
2 5281 5900
2 5926 6848
2 6393 6519
2 6533 6799
2 6859 7102
2 7129 7688
2 7281 9042
2 7523 9577
2 9044 9698
2 9548 25
2 224 275
2 341 452
2 698 1190
2 921 1612
2 1770 1878
2 2026 2385
2 2546 2664
2 2899 3382
2 2928 2961
2 3169 3810
2 3591 3994
2 3611 3803
2 4236 4911
2 4571 5100
2 5430 6222
2 5640 6040
2 6454 6643
2 6961 7574
2 7000 8001
2 7071 7985
2 7658 9297
2 8085 8541
2 9189 9411
2 9311 27
2 9861 238
2 9914 54
2 319 468
2 526 582
2 659 746
2 886 972
2 1302 2153
2 1775 2656
2 2280 2662
2 2709 3454
2 3523 3619
2 3696 4009
2 3719 3990
2 4691 5809
2 5538 5838
2 5828 6119
2 6031 6185
2 6195 6334
2 6290 7852
2 6509 6592
2 6862 6923
2 7782 7890
2 8000 8231
2 8334 9146
2 8554 9059
2 9101 9229
2 9204 9270
2 9554 180
2 9972 412
2 999 1134
2 1316 1777
2 1667 1873
2 2038 2980
2 2525 3156
2 3413 3754
2 4209 4821
2 4525 5386
2 5549 5635
2 6199 6516
2 6283 6391
2 6491 6772
2 6850 7504
2 7011 8109
2 7261 7488
2 8034 9024
2 8118 9825
2 9720 379
2 9933 422
2 573 1087
2 1237 1725
2 1308 2010
2 1880 2154
2 2758 3645
2 3383 3843
2 4034 4252
2 4132 4520
2 4174 4556
2 4581 4987
2 4705 5257
2 5014 5227
2 5697 5778
2 5859 6163
2 5949 6792
2 7222 8098
2 8318 8546
2 8344 8508
2 8757 9336
2 9150 9400
2 154 533
2 360 583
2 911 1290
2 986 1374
2 1401 1664
2 1915 1964
2 2431 2733
2 2706 2858
2 3201 3628
2 3340 3643
2 3546 4062
2 3788 4438
2 4976 5049
2 5029 5108
2 5153 5342
2 5406 5466
2 5527 5539
2 5619 5820
2 6631 7005
2 7042 7822
